<?xml version="1.0" encoding="UTF-8"?>
<!-- Generated by org.testng.reporters.JUnitXMLReporter -->
<testsuite hostname="DreamWorks" ignored="0" name="FlightsTest" tests="5" failures="2" timestamp="22 Aug 2019 18:32:57 GMT" time="446.258" errors="0">
  <testcase name="Basic_Test_001" time="6.177" classname="com.expedia.TestClasses.FlightsSearchTest">
    <failure type="java.lang.AssertionError" message="expected [true] but found [false]">
      <![CDATA[java.lang.AssertionError: expected [true] but found [false]
at com.expedia.TestClasses.FlightsSearchTest.Basic_Test_001(FlightsSearchTest.java:42)
... Removed 32 stack frames]]>
    </failure>
  </testcase> <!-- Basic_Test_001 -->
  <testcase name="Basic_Test_002" time="6.451" classname="com.expedia.TestClasses.FlightsSearchTest">
    <failure type="java.lang.AssertionError" message="expected [true] but found [false]">
      <![CDATA[java.lang.AssertionError: expected [true] but found [false]
at com.expedia.TestClasses.FlightsSearchTest.Basic_Test_002(FlightsSearchTest.java:72)
... Removed 32 stack frames]]>
    </failure>
  </testcase> <!-- Basic_Test_002 -->
  <testcase name="Basic_Test_002" time="13.538" classname="com.expedia.TestClasses.FlightsSearchTest"/>
  <testcase name="Basic_Test_002" time="35.969" classname="com.expedia.TestClasses.FlightsSearchTest"/>
  <testcase name="Basic_Test_002" time="17.908" classname="com.expedia.TestClasses.FlightsSearchTest"/>
</testsuite> <!-- FlightsTest -->
